<?xml version="1.0" encoding="UTF-8"?>
<testsuite name="me.shinsunyoung.springbootdeveloper.MemberRepositoryTest" tests="1" skipped="0" failures="0" errors="0" timestamp="2024-12-16T15:19:06" hostname="LM-049293-00.local" time="0.362">
  <properties/>
  <testcase name="update()" classname="me.shinsunyoung.springbootdeveloper.MemberRepositoryTest" time="0.362"/>
  <system-out><![CDATA[00:19:05.429 [Test worker] INFO org.springframework.test.context.support.AnnotationConfigContextLoaderUtils -- Could not detect default configuration classes for test class [me.shinsunyoung.springbootdeveloper.MemberRepositoryTest]: MemberRepositoryTest does not declare any static, non-private, non-final, nested classes annotated with @Configuration.
00:19:05.482 [Test worker] INFO org.springframework.boot.test.context.SpringBootTestContextBootstrapper -- Found @SpringBootConfiguration me.shinsunyoung.springbootdeveloper.SpringbootDeveloperApplication for test class me.shinsunyoung.springbootdeveloper.MemberRepositoryTest

  .   ____          _            __ _ _
 /\\ / ___'_ __ _ _(_)_ __  __ _ \ \ \ \
( ( )\___ | '_ | '_| | '_ \/ _` | \ \ \ \
 \\/  ___)| |_)| | | | | || (_| |  ) ) ) )
  '  |____| .__|_| |_|_| |_\__, | / / / /
 =========|_|==============|___/=/_/_/_/
 :: Spring Boot ::               (v3.2.11)

2024-12-17T00:19:05.628+09:00  INFO 5193 --- [    Test worker] m.s.s.MemberRepositoryTest               : Starting MemberRepositoryTest using Java 17.0.13 with PID 5193 (started by woochoi in /Users/woochoi/Study-Spring/springboot-developer)
2024-12-17T00:19:05.629+09:00  INFO 5193 --- [    Test worker] m.s.s.MemberRepositoryTest               : No active profile set, falling back to 1 default profile: "default"
2024-12-17T00:19:05.748+09:00  INFO 5193 --- [    Test worker] .s.d.r.c.RepositoryConfigurationDelegate : Multiple Spring Data modules found, entering strict repository configuration mode
2024-12-17T00:19:05.752+09:00  INFO 5193 --- [    Test worker] .s.d.r.c.RepositoryConfigurationDelegate : Bootstrapping Spring Data JPA repositories in DEFAULT mode.
2024-12-17T00:19:05.771+09:00  INFO 5193 --- [    Test worker] .s.d.r.c.RepositoryConfigurationDelegate : Finished Spring Data repository scanning in 16 ms. Found 1 JPA repository interface.
2024-12-17T00:19:05.787+09:00  INFO 5193 --- [    Test worker] beddedDataSourceBeanFactoryPostProcessor : Replacing 'dataSource' DataSource bean with embedded version
2024-12-17T00:19:05.832+09:00  INFO 5193 --- [    Test worker] o.s.j.d.e.EmbeddedDatabaseFactory        : Starting embedded database: url='jdbc:h2:mem:85fec562-0743-4cad-aa3d-5ac51c2bdfe8;DB_CLOSE_DELAY=-1;DB_CLOSE_ON_EXIT=false', username='sa'
2024-12-17T00:19:05.947+09:00  INFO 5193 --- [    Test worker] o.hibernate.jpa.internal.util.LogHelper  : HHH000204: Processing PersistenceUnitInfo [name: default]
2024-12-17T00:19:05.969+09:00  INFO 5193 --- [    Test worker] org.hibernate.Version                    : HHH000412: Hibernate ORM core version 6.4.10.Final
2024-12-17T00:19:05.981+09:00  INFO 5193 --- [    Test worker] o.h.c.internal.RegionFactoryInitiator    : HHH000026: Second-level cache disabled
2024-12-17T00:19:06.068+09:00  INFO 5193 --- [    Test worker] o.s.o.j.p.SpringPersistenceUnitInfo      : No LoadTimeWeaver setup: ignoring JPA class transformer
2024-12-17T00:19:06.384+09:00  INFO 5193 --- [    Test worker] o.h.e.t.j.p.i.JtaPlatformInitiator       : HHH000489: No JTA platform available (set 'hibernate.transaction.jta.platform' to enable JTA platform integration)
Hibernate: drop table if exists member cascade 
Hibernate: create table member (id bigint generated by default as identity, name varchar(255) not null, primary key (id))
2024-12-17T00:19:06.397+09:00  INFO 5193 --- [    Test worker] j.LocalContainerEntityManagerFactoryBean : Initialized JPA EntityManagerFactory for persistence unit 'default'
2024-12-17T00:19:06.527+09:00  INFO 5193 --- [    Test worker] m.s.s.MemberRepositoryTest               : Started MemberRepositoryTest in 1.012 seconds (process running for 1.472)
Hibernate: select m1_0.id,m1_0.name from member m1_0 where m1_0.id=?
Hibernate: update member set name=? where id=?
Hibernate: select m1_0.id,m1_0.name from member m1_0
]]></system-out>
  <system-err><![CDATA[]]></system-err>
</testsuite>
